This is log message
session : E:\database\semaine-database\Sessions\1 is unknown
session : E:\database\semaine-database\Sessions\2 turn 30 is empty, audio file smaller
E:\database\semaine-database\Sessions\3 *DV.txt not equal len
session : E:\database\semaine-database\Sessions\4 turn 1 is empty
E:\database\semaine-database\Sessions\5 *DA.txt not equal len
E:\database\semaine-database\Sessions\5 *DV.txt not equal len
session : E:\database\semaine-database\Sessions\6 is unknown
session : E:\database\semaine-database\Sessions\7 is unknown
session : E:\database\semaine-database\Sessions\8 turn 7 is empty
session : E:\database\semaine-database\Sessions\12 is unknown
session : E:\database\semaine-database\Sessions\17 is unknown
session : E:\database\semaine-database\Sessions\18 is unknown
E:\database\semaine-database\Sessions\20 *DA.txt not equal len
E:\database\semaine-database\Sessions\20 *DV.txt not equal len
session : E:\database\semaine-database\Sessions\21 turn 3 is empty
session : E:\database\semaine-database\Sessions\22 turn 9 is empty
session : E:\database\semaine-database\Sessions\23 is unknown
session : E:\database\semaine-database\Sessions\24 is unknown
E:\database\semaine-database\Sessions\25 *DA.txt not equal len
session : E:\database\semaine-database\Sessions\25 turn 1 is empty
session : E:\database\semaine-database\Sessions\25 turn 8 is empty
session : E:\database\semaine-database\Sessions\25 turn 11 is empty
session : E:\database\semaine-database\Sessions\26 turn 1 is empty
session : E:\database\semaine-database\Sessions\26 turn 12 is empty
session : E:\database\semaine-database\Sessions\26 turn 17 is empty
session : E:\database\semaine-database\Sessions\27 turn 1 is empty
session : E:\database\semaine-database\Sessions\27 turn 22 is empty
session : E:\database\semaine-database\Sessions\27 turn 23 is empty
session : E:\database\semaine-database\Sessions\27 turn 28 is empty
session : E:\database\semaine-database\Sessions\27 turn 29 is empty
session : E:\database\semaine-database\Sessions\27 turn 38 is empty
session : E:\database\semaine-database\Sessions\28 is unknown
E:\database\semaine-database\Sessions\29 *DA.txt not equal len
E:\database\semaine-database\Sessions\30 *DA.txt not equal len
E:\database\semaine-database\Sessions\30 *DV.txt not equal len
session : E:\database\semaine-database\Sessions\32 is unknown
session : E:\database\semaine-database\Sessions\33 is unknown
E:\database\semaine-database\Sessions\34 *DA.txt not equal len
session : E:\database\semaine-database\Sessions\38 is unknown
session : E:\database\semaine-database\Sessions\39 is unknown
session : E:\database\semaine-database\Sessions\44 is unknown
session : E:\database\semaine-database\Sessions\45 is unknown
session : E:\database\semaine-database\Sessions\48 turn 34 is empty
session : E:\database\semaine-database\Sessions\49 turn 17 is empty, audio file smaller
session : E:\database\semaine-database\Sessions\50 is unknown
session : E:\database\semaine-database\Sessions\51 is unknown
session : E:\database\semaine-database\Sessions\53 turn 23 is empty, audio file smaller
session : E:\database\semaine-database\Sessions\55 turn 18 is empty, audio file smaller
session : E:\database\semaine-database\Sessions\55 turn 19 is empty, audio file smaller
session : E:\database\semaine-database\Sessions\55 turn 20 is empty, audio file smaller
session : E:\database\semaine-database\Sessions\55 turn 21 is empty, audio file smaller
session : E:\database\semaine-database\Sessions\55 turn 22 is empty, audio file smaller
session : E:\database\semaine-database\Sessions\55 turn 23 is empty, audio file smaller
session : E:\database\semaine-database\Sessions\55 turn 24 is empty, audio file smaller
session : E:\database\semaine-database\Sessions\55 turn 25 is empty, audio file smaller
session : E:\database\semaine-database\Sessions\55 turn 26 is empty, audio file smaller
session : E:\database\semaine-database\Sessions\55 turn 27 is empty, audio file smaller
session : E:\database\semaine-database\Sessions\55 turn 28 is empty, audio file smaller
session : E:\database\semaine-database\Sessions\55 turn 29 is empty, audio file smaller
session : E:\database\semaine-database\Sessions\55 turn 30 is empty, audio file smaller
session : E:\database\semaine-database\Sessions\55 turn 31 is empty, audio file smaller
session : E:\database\semaine-database\Sessions\55 turn 32 is empty, audio file smaller
session : E:\database\semaine-database\Sessions\55 turn 33 is empty, audio file smaller
session : E:\database\semaine-database\Sessions\55 turn 34 is empty, audio file smaller
session : E:\database\semaine-database\Sessions\56 is unknown
session : E:\database\semaine-database\Sessions\57 is unknown
E:\database\semaine-database\Sessions\59 *DA.txt not equal len
E:\database\semaine-database\Sessions\59 *DV.txt not equal len
E:\database\semaine-database\Sessions\60 *DV.txt not equal len
session : E:\database\semaine-database\Sessions\62 is unknown
session : E:\database\semaine-database\Sessions\63 is unknown
session : E:\database\semaine-database\Sessions\65 turn 9 is empty
session : E:\database\semaine-database\Sessions\65 turn 37 is empty
session : E:\database\semaine-database\Sessions\68 is unknown
session : E:\database\semaine-database\Sessions\69 is unknown
session : E:\database\semaine-database\Sessions\74 is unknown
session : E:\database\semaine-database\Sessions\75 is unknown
E:\database\semaine-database\Sessions\77 *DA.txt not equal len
session : E:\database\semaine-database\Sessions\78 turn 55 is empty, audio file smaller
session : E:\database\semaine-database\Sessions\80 is unknown
session : E:\database\semaine-database\Sessions\81 is unknown
session : E:\database\semaine-database\Sessions\82 turn 9 is empty
E:\database\semaine-database\Sessions\83 *DA.txt not equal len
session : E:\database\semaine-database\Sessions\86 is unknown
session : E:\database\semaine-database\Sessions\87 is unknown
session : E:\database\semaine-database\Sessions\92 is unknown
session : E:\database\semaine-database\Sessions\93 is unknown
session : E:\database\semaine-database\Sessions\96 turn 62 is empty, audio file smaller
session : E:\database\semaine-database\Sessions\98 is unknown
session : E:\database\semaine-database\Sessions\99 is unknown
session : E:\database\semaine-database\Sessions\100 is unknown
session : E:\database\semaine-database\Sessions\101 is unknown
session : E:\database\semaine-database\Sessions\102 is unknown
session : E:\database\semaine-database\Sessions\103 is unknown
session : E:\database\semaine-database\Sessions\104 is unknown
session : E:\database\semaine-database\Sessions\105 is unknown
session : E:\database\semaine-database\Sessions\106 is unknown
session : E:\database\semaine-database\Sessions\107 is unknown
session : E:\database\semaine-database\Sessions\108 is unknown
session : E:\database\semaine-database\Sessions\109 is unknown
session : E:\database\semaine-database\Sessions\110 is unknown
session : E:\database\semaine-database\Sessions\111 is unknown
session : E:\database\semaine-database\Sessions\112 is unknown
session : E:\database\semaine-database\Sessions\113 is unknown
session : E:\database\semaine-database\Sessions\114 is unknown
session : E:\database\semaine-database\Sessions\115 is unknown
session : E:\database\semaine-database\Sessions\116 is unknown
session : E:\database\semaine-database\Sessions\117 is unknown
session : E:\database\semaine-database\Sessions\118 is unknown
session : E:\database\semaine-database\Sessions\119 is unknown
session : E:\database\semaine-database\Sessions\120 is unknown
session : E:\database\semaine-database\Sessions\121 is unknown
session : E:\database\semaine-database\Sessions\122 is unknown
session : E:\database\semaine-database\Sessions\123 is unknown
session : E:\database\semaine-database\Sessions\124 is unknown
session : E:\database\semaine-database\Sessions\125 is unknown
session : E:\database\semaine-database\Sessions\126 is unknown
session : E:\database\semaine-database\Sessions\127 is unknown
session : E:\database\semaine-database\Sessions\128 is unknown
session : E:\database\semaine-database\Sessions\129 is unknown
session : E:\database\semaine-database\Sessions\130 is unknown
session : E:\database\semaine-database\Sessions\131 is unknown
session : E:\database\semaine-database\Sessions\132 is unknown
session : E:\database\semaine-database\Sessions\133 is unknown
session : E:\database\semaine-database\Sessions\134 is unknown
session : E:\database\semaine-database\Sessions\135 is unknown
session : E:\database\semaine-database\Sessions\136 is unknown
session : E:\database\semaine-database\Sessions\137 is unknown
session : E:\database\semaine-database\Sessions\138 is unknown
session : E:\database\semaine-database\Sessions\139 is unknown
session : E:\database\semaine-database\Sessions\140 is unknown
session : E:\database\semaine-database\Sessions\141 is unknown
